[2026-03-22T13:36:29.894+0000] {processor.py:161} INFO - Started process (PID=68) to work on /opt/airflow/dags/streaming_monitor.py
[2026-03-22T13:36:29.896+0000] {processor.py:830} INFO - Processing file /opt/airflow/dags/streaming_monitor.py for tasks to queue
[2026-03-22T13:36:29.902+0000] {logging_mixin.py:188} INFO - [2026-03-22T13:36:29.901+0000] {dagbag.py:545} INFO - Filling up the DagBag from /opt/airflow/dags/streaming_monitor.py
[2026-03-22T13:36:29.915+0000] {logging_mixin.py:188} INFO - [2026-03-22T13:36:29.913+0000] {dagbag.py:355} ERROR - Failed to import: /opt/airflow/dags/streaming_monitor.py
Traceback (most recent call last):
  File "/home/airflow/.local/lib/python3.12/site-packages/airflow/models/dagbag.py", line 351, in parse
    loader.exec_module(new_module)
  File "<frozen importlib._bootstrap_external>", line 995, in exec_module
  File "<frozen importlib._bootstrap>", line 488, in _call_with_frames_removed
  File "/opt/airflow/dags/streaming_monitor.py", line 19, in <module>
    import duckdb
ModuleNotFoundError: No module named 'duckdb'
[2026-03-22T13:36:29.916+0000] {processor.py:842} WARNING - No viable dags retrieved from /opt/airflow/dags/streaming_monitor.py
[2026-03-22T13:36:29.980+0000] {processor.py:183} INFO - Processing /opt/airflow/dags/streaming_monitor.py took 0.101 seconds
[2026-03-22T13:37:00.475+0000] {processor.py:161} INFO - Started process (PID=78) to work on /opt/airflow/dags/streaming_monitor.py
[2026-03-22T13:37:00.477+0000] {processor.py:830} INFO - Processing file /opt/airflow/dags/streaming_monitor.py for tasks to queue
[2026-03-22T13:37:00.484+0000] {logging_mixin.py:188} INFO - [2026-03-22T13:37:00.483+0000] {dagbag.py:545} INFO - Filling up the DagBag from /opt/airflow/dags/streaming_monitor.py
[2026-03-22T13:37:00.495+0000] {logging_mixin.py:188} INFO - [2026-03-22T13:37:00.493+0000] {dagbag.py:355} ERROR - Failed to import: /opt/airflow/dags/streaming_monitor.py
Traceback (most recent call last):
  File "/home/airflow/.local/lib/python3.12/site-packages/airflow/models/dagbag.py", line 351, in parse
    loader.exec_module(new_module)
  File "<frozen importlib._bootstrap_external>", line 995, in exec_module
  File "<frozen importlib._bootstrap>", line 488, in _call_with_frames_removed
  File "/opt/airflow/dags/streaming_monitor.py", line 19, in <module>
    import duckdb
ModuleNotFoundError: No module named 'duckdb'
[2026-03-22T13:37:00.495+0000] {processor.py:842} WARNING - No viable dags retrieved from /opt/airflow/dags/streaming_monitor.py
[2026-03-22T13:37:00.522+0000] {processor.py:183} INFO - Processing /opt/airflow/dags/streaming_monitor.py took 0.062 seconds
[2026-03-22T13:37:30.911+0000] {processor.py:161} INFO - Started process (PID=88) to work on /opt/airflow/dags/streaming_monitor.py
[2026-03-22T13:37:30.915+0000] {processor.py:830} INFO - Processing file /opt/airflow/dags/streaming_monitor.py for tasks to queue
[2026-03-22T13:37:30.921+0000] {logging_mixin.py:188} INFO - [2026-03-22T13:37:30.920+0000] {dagbag.py:545} INFO - Filling up the DagBag from /opt/airflow/dags/streaming_monitor.py
[2026-03-22T13:37:30.930+0000] {logging_mixin.py:188} INFO - [2026-03-22T13:37:30.927+0000] {dagbag.py:355} ERROR - Failed to import: /opt/airflow/dags/streaming_monitor.py
Traceback (most recent call last):
  File "/home/airflow/.local/lib/python3.12/site-packages/airflow/models/dagbag.py", line 351, in parse
    loader.exec_module(new_module)
  File "<frozen importlib._bootstrap_external>", line 995, in exec_module
  File "<frozen importlib._bootstrap>", line 488, in _call_with_frames_removed
  File "/opt/airflow/dags/streaming_monitor.py", line 19, in <module>
    import duckdb
ModuleNotFoundError: No module named 'duckdb'
[2026-03-22T13:37:30.931+0000] {processor.py:842} WARNING - No viable dags retrieved from /opt/airflow/dags/streaming_monitor.py
[2026-03-22T13:37:30.974+0000] {processor.py:183} INFO - Processing /opt/airflow/dags/streaming_monitor.py took 0.090 seconds
[2026-03-22T13:38:01.394+0000] {processor.py:161} INFO - Started process (PID=98) to work on /opt/airflow/dags/streaming_monitor.py
[2026-03-22T13:38:01.395+0000] {processor.py:830} INFO - Processing file /opt/airflow/dags/streaming_monitor.py for tasks to queue
[2026-03-22T13:38:01.397+0000] {logging_mixin.py:188} INFO - [2026-03-22T13:38:01.397+0000] {dagbag.py:545} INFO - Filling up the DagBag from /opt/airflow/dags/streaming_monitor.py
[2026-03-22T13:38:01.408+0000] {logging_mixin.py:188} INFO - [2026-03-22T13:38:01.404+0000] {dagbag.py:355} ERROR - Failed to import: /opt/airflow/dags/streaming_monitor.py
Traceback (most recent call last):
  File "/home/airflow/.local/lib/python3.12/site-packages/airflow/models/dagbag.py", line 351, in parse
    loader.exec_module(new_module)
  File "<frozen importlib._bootstrap_external>", line 995, in exec_module
  File "<frozen importlib._bootstrap>", line 488, in _call_with_frames_removed
  File "/opt/airflow/dags/streaming_monitor.py", line 19, in <module>
    import duckdb
ModuleNotFoundError: No module named 'duckdb'
[2026-03-22T13:38:01.409+0000] {processor.py:842} WARNING - No viable dags retrieved from /opt/airflow/dags/streaming_monitor.py
[2026-03-22T13:38:01.442+0000] {processor.py:183} INFO - Processing /opt/airflow/dags/streaming_monitor.py took 0.060 seconds
[2026-03-22T13:38:31.838+0000] {processor.py:161} INFO - Started process (PID=108) to work on /opt/airflow/dags/streaming_monitor.py
[2026-03-22T13:38:31.839+0000] {processor.py:830} INFO - Processing file /opt/airflow/dags/streaming_monitor.py for tasks to queue
[2026-03-22T13:38:31.843+0000] {logging_mixin.py:188} INFO - [2026-03-22T13:38:31.842+0000] {dagbag.py:545} INFO - Filling up the DagBag from /opt/airflow/dags/streaming_monitor.py
[2026-03-22T13:38:31.851+0000] {logging_mixin.py:188} INFO - [2026-03-22T13:38:31.848+0000] {dagbag.py:355} ERROR - Failed to import: /opt/airflow/dags/streaming_monitor.py
Traceback (most recent call last):
  File "/home/airflow/.local/lib/python3.12/site-packages/airflow/models/dagbag.py", line 351, in parse
    loader.exec_module(new_module)
  File "<frozen importlib._bootstrap_external>", line 995, in exec_module
  File "<frozen importlib._bootstrap>", line 488, in _call_with_frames_removed
  File "/opt/airflow/dags/streaming_monitor.py", line 19, in <module>
    import duckdb
ModuleNotFoundError: No module named 'duckdb'
[2026-03-22T13:38:31.852+0000] {processor.py:842} WARNING - No viable dags retrieved from /opt/airflow/dags/streaming_monitor.py
[2026-03-22T13:38:31.879+0000] {processor.py:183} INFO - Processing /opt/airflow/dags/streaming_monitor.py took 0.051 seconds
[2026-03-22T13:39:02.152+0000] {processor.py:161} INFO - Started process (PID=118) to work on /opt/airflow/dags/streaming_monitor.py
[2026-03-22T13:39:02.154+0000] {processor.py:830} INFO - Processing file /opt/airflow/dags/streaming_monitor.py for tasks to queue
[2026-03-22T13:39:02.158+0000] {logging_mixin.py:188} INFO - [2026-03-22T13:39:02.157+0000] {dagbag.py:545} INFO - Filling up the DagBag from /opt/airflow/dags/streaming_monitor.py
[2026-03-22T13:39:02.166+0000] {logging_mixin.py:188} INFO - [2026-03-22T13:39:02.164+0000] {dagbag.py:355} ERROR - Failed to import: /opt/airflow/dags/streaming_monitor.py
Traceback (most recent call last):
  File "/home/airflow/.local/lib/python3.12/site-packages/airflow/models/dagbag.py", line 351, in parse
    loader.exec_module(new_module)
  File "<frozen importlib._bootstrap_external>", line 995, in exec_module
  File "<frozen importlib._bootstrap>", line 488, in _call_with_frames_removed
  File "/opt/airflow/dags/streaming_monitor.py", line 19, in <module>
    import duckdb
ModuleNotFoundError: No module named 'duckdb'
[2026-03-22T13:39:02.166+0000] {processor.py:842} WARNING - No viable dags retrieved from /opt/airflow/dags/streaming_monitor.py
[2026-03-22T13:39:02.188+0000] {processor.py:183} INFO - Processing /opt/airflow/dags/streaming_monitor.py took 0.047 seconds
[2026-03-22T13:39:32.509+0000] {processor.py:161} INFO - Started process (PID=128) to work on /opt/airflow/dags/streaming_monitor.py
[2026-03-22T13:39:32.511+0000] {processor.py:830} INFO - Processing file /opt/airflow/dags/streaming_monitor.py for tasks to queue
[2026-03-22T13:39:32.514+0000] {logging_mixin.py:188} INFO - [2026-03-22T13:39:32.513+0000] {dagbag.py:545} INFO - Filling up the DagBag from /opt/airflow/dags/streaming_monitor.py
[2026-03-22T13:39:32.521+0000] {logging_mixin.py:188} INFO - [2026-03-22T13:39:32.519+0000] {dagbag.py:355} ERROR - Failed to import: /opt/airflow/dags/streaming_monitor.py
Traceback (most recent call last):
  File "/home/airflow/.local/lib/python3.12/site-packages/airflow/models/dagbag.py", line 351, in parse
    loader.exec_module(new_module)
  File "<frozen importlib._bootstrap_external>", line 995, in exec_module
  File "<frozen importlib._bootstrap>", line 488, in _call_with_frames_removed
  File "/opt/airflow/dags/streaming_monitor.py", line 19, in <module>
    import duckdb
ModuleNotFoundError: No module named 'duckdb'
[2026-03-22T13:39:32.522+0000] {processor.py:842} WARNING - No viable dags retrieved from /opt/airflow/dags/streaming_monitor.py
[2026-03-22T13:39:32.546+0000] {processor.py:183} INFO - Processing /opt/airflow/dags/streaming_monitor.py took 0.047 seconds
[2026-03-22T13:40:02.795+0000] {processor.py:161} INFO - Started process (PID=138) to work on /opt/airflow/dags/streaming_monitor.py
[2026-03-22T13:40:02.796+0000] {processor.py:830} INFO - Processing file /opt/airflow/dags/streaming_monitor.py for tasks to queue
[2026-03-22T13:40:02.799+0000] {logging_mixin.py:188} INFO - [2026-03-22T13:40:02.798+0000] {dagbag.py:545} INFO - Filling up the DagBag from /opt/airflow/dags/streaming_monitor.py
[2026-03-22T13:40:02.807+0000] {logging_mixin.py:188} INFO - [2026-03-22T13:40:02.805+0000] {dagbag.py:355} ERROR - Failed to import: /opt/airflow/dags/streaming_monitor.py
Traceback (most recent call last):
  File "/home/airflow/.local/lib/python3.12/site-packages/airflow/models/dagbag.py", line 351, in parse
    loader.exec_module(new_module)
  File "<frozen importlib._bootstrap_external>", line 995, in exec_module
  File "<frozen importlib._bootstrap>", line 488, in _call_with_frames_removed
  File "/opt/airflow/dags/streaming_monitor.py", line 19, in <module>
    import duckdb
ModuleNotFoundError: No module named 'duckdb'
[2026-03-22T13:40:02.808+0000] {processor.py:842} WARNING - No viable dags retrieved from /opt/airflow/dags/streaming_monitor.py
[2026-03-22T13:40:02.827+0000] {processor.py:183} INFO - Processing /opt/airflow/dags/streaming_monitor.py took 0.044 seconds
[2026-03-22T13:40:33.105+0000] {processor.py:161} INFO - Started process (PID=148) to work on /opt/airflow/dags/streaming_monitor.py
[2026-03-22T13:40:33.106+0000] {processor.py:830} INFO - Processing file /opt/airflow/dags/streaming_monitor.py for tasks to queue
[2026-03-22T13:40:33.108+0000] {logging_mixin.py:188} INFO - [2026-03-22T13:40:33.107+0000] {dagbag.py:545} INFO - Filling up the DagBag from /opt/airflow/dags/streaming_monitor.py
[2026-03-22T13:40:33.117+0000] {logging_mixin.py:188} INFO - [2026-03-22T13:40:33.116+0000] {dagbag.py:355} ERROR - Failed to import: /opt/airflow/dags/streaming_monitor.py
Traceback (most recent call last):
  File "/home/airflow/.local/lib/python3.12/site-packages/airflow/models/dagbag.py", line 351, in parse
    loader.exec_module(new_module)
  File "<frozen importlib._bootstrap_external>", line 995, in exec_module
  File "<frozen importlib._bootstrap>", line 488, in _call_with_frames_removed
  File "/opt/airflow/dags/streaming_monitor.py", line 19, in <module>
    import duckdb
ModuleNotFoundError: No module named 'duckdb'
[2026-03-22T13:40:33.118+0000] {processor.py:842} WARNING - No viable dags retrieved from /opt/airflow/dags/streaming_monitor.py
[2026-03-22T13:40:33.140+0000] {processor.py:183} INFO - Processing /opt/airflow/dags/streaming_monitor.py took 0.047 seconds
[2026-03-22T13:41:03.424+0000] {processor.py:161} INFO - Started process (PID=158) to work on /opt/airflow/dags/streaming_monitor.py
[2026-03-22T13:41:03.428+0000] {processor.py:830} INFO - Processing file /opt/airflow/dags/streaming_monitor.py for tasks to queue
[2026-03-22T13:41:03.440+0000] {logging_mixin.py:188} INFO - [2026-03-22T13:41:03.438+0000] {dagbag.py:545} INFO - Filling up the DagBag from /opt/airflow/dags/streaming_monitor.py
[2026-03-22T13:41:03.458+0000] {logging_mixin.py:188} INFO - [2026-03-22T13:41:03.456+0000] {dagbag.py:355} ERROR - Failed to import: /opt/airflow/dags/streaming_monitor.py
Traceback (most recent call last):
  File "/home/airflow/.local/lib/python3.12/site-packages/airflow/models/dagbag.py", line 351, in parse
    loader.exec_module(new_module)
  File "<frozen importlib._bootstrap_external>", line 995, in exec_module
  File "<frozen importlib._bootstrap>", line 488, in _call_with_frames_removed
  File "/opt/airflow/dags/streaming_monitor.py", line 19, in <module>
    import duckdb
ModuleNotFoundError: No module named 'duckdb'
[2026-03-22T13:41:03.458+0000] {processor.py:842} WARNING - No viable dags retrieved from /opt/airflow/dags/streaming_monitor.py
[2026-03-22T13:41:03.496+0000] {processor.py:183} INFO - Processing /opt/airflow/dags/streaming_monitor.py took 0.084 seconds
[2026-03-22T13:41:34.015+0000] {processor.py:161} INFO - Started process (PID=168) to work on /opt/airflow/dags/streaming_monitor.py
[2026-03-22T13:41:34.016+0000] {processor.py:830} INFO - Processing file /opt/airflow/dags/streaming_monitor.py for tasks to queue
[2026-03-22T13:41:34.018+0000] {logging_mixin.py:188} INFO - [2026-03-22T13:41:34.017+0000] {dagbag.py:545} INFO - Filling up the DagBag from /opt/airflow/dags/streaming_monitor.py
[2026-03-22T13:41:34.025+0000] {logging_mixin.py:188} INFO - [2026-03-22T13:41:34.022+0000] {dagbag.py:355} ERROR - Failed to import: /opt/airflow/dags/streaming_monitor.py
Traceback (most recent call last):
  File "/home/airflow/.local/lib/python3.12/site-packages/airflow/models/dagbag.py", line 351, in parse
    loader.exec_module(new_module)
  File "<frozen importlib._bootstrap_external>", line 995, in exec_module
  File "<frozen importlib._bootstrap>", line 488, in _call_with_frames_removed
  File "/opt/airflow/dags/streaming_monitor.py", line 19, in <module>
    import duckdb
ModuleNotFoundError: No module named 'duckdb'
[2026-03-22T13:41:34.026+0000] {processor.py:842} WARNING - No viable dags retrieved from /opt/airflow/dags/streaming_monitor.py
[2026-03-22T13:41:34.059+0000] {processor.py:183} INFO - Processing /opt/airflow/dags/streaming_monitor.py took 0.052 seconds
[2026-03-22T13:42:04.576+0000] {processor.py:161} INFO - Started process (PID=178) to work on /opt/airflow/dags/streaming_monitor.py
[2026-03-22T13:42:04.577+0000] {processor.py:830} INFO - Processing file /opt/airflow/dags/streaming_monitor.py for tasks to queue
[2026-03-22T13:42:04.589+0000] {logging_mixin.py:188} INFO - [2026-03-22T13:42:04.588+0000] {dagbag.py:545} INFO - Filling up the DagBag from /opt/airflow/dags/streaming_monitor.py
[2026-03-22T13:42:04.600+0000] {logging_mixin.py:188} INFO - [2026-03-22T13:42:04.596+0000] {dagbag.py:355} ERROR - Failed to import: /opt/airflow/dags/streaming_monitor.py
Traceback (most recent call last):
  File "/home/airflow/.local/lib/python3.12/site-packages/airflow/models/dagbag.py", line 351, in parse
    loader.exec_module(new_module)
  File "<frozen importlib._bootstrap_external>", line 995, in exec_module
  File "<frozen importlib._bootstrap>", line 488, in _call_with_frames_removed
  File "/opt/airflow/dags/streaming_monitor.py", line 19, in <module>
    import duckdb
ModuleNotFoundError: No module named 'duckdb'
[2026-03-22T13:42:04.601+0000] {processor.py:842} WARNING - No viable dags retrieved from /opt/airflow/dags/streaming_monitor.py
[2026-03-22T13:42:04.640+0000] {processor.py:183} INFO - Processing /opt/airflow/dags/streaming_monitor.py took 0.090 seconds
[2026-03-22T13:42:35.098+0000] {processor.py:161} INFO - Started process (PID=188) to work on /opt/airflow/dags/streaming_monitor.py
[2026-03-22T13:42:35.102+0000] {processor.py:830} INFO - Processing file /opt/airflow/dags/streaming_monitor.py for tasks to queue
[2026-03-22T13:42:35.109+0000] {logging_mixin.py:188} INFO - [2026-03-22T13:42:35.108+0000] {dagbag.py:545} INFO - Filling up the DagBag from /opt/airflow/dags/streaming_monitor.py
[2026-03-22T13:42:35.119+0000] {logging_mixin.py:188} INFO - [2026-03-22T13:42:35.115+0000] {dagbag.py:355} ERROR - Failed to import: /opt/airflow/dags/streaming_monitor.py
Traceback (most recent call last):
  File "/home/airflow/.local/lib/python3.12/site-packages/airflow/models/dagbag.py", line 351, in parse
    loader.exec_module(new_module)
  File "<frozen importlib._bootstrap_external>", line 995, in exec_module
  File "<frozen importlib._bootstrap>", line 488, in _call_with_frames_removed
  File "/opt/airflow/dags/streaming_monitor.py", line 19, in <module>
    import duckdb
ModuleNotFoundError: No module named 'duckdb'
[2026-03-22T13:42:35.121+0000] {processor.py:842} WARNING - No viable dags retrieved from /opt/airflow/dags/streaming_monitor.py
[2026-03-22T13:42:35.167+0000] {processor.py:183} INFO - Processing /opt/airflow/dags/streaming_monitor.py took 0.102 seconds
[2026-03-22T13:43:05.503+0000] {processor.py:161} INFO - Started process (PID=198) to work on /opt/airflow/dags/streaming_monitor.py
[2026-03-22T13:43:05.505+0000] {processor.py:830} INFO - Processing file /opt/airflow/dags/streaming_monitor.py for tasks to queue
[2026-03-22T13:43:05.512+0000] {logging_mixin.py:188} INFO - [2026-03-22T13:43:05.511+0000] {dagbag.py:545} INFO - Filling up the DagBag from /opt/airflow/dags/streaming_monitor.py
[2026-03-22T13:43:05.523+0000] {logging_mixin.py:188} INFO - [2026-03-22T13:43:05.520+0000] {dagbag.py:355} ERROR - Failed to import: /opt/airflow/dags/streaming_monitor.py
Traceback (most recent call last):
  File "/home/airflow/.local/lib/python3.12/site-packages/airflow/models/dagbag.py", line 351, in parse
    loader.exec_module(new_module)
  File "<frozen importlib._bootstrap_external>", line 995, in exec_module
  File "<frozen importlib._bootstrap>", line 488, in _call_with_frames_removed
  File "/opt/airflow/dags/streaming_monitor.py", line 19, in <module>
    import duckdb
ModuleNotFoundError: No module named 'duckdb'
[2026-03-22T13:43:05.524+0000] {processor.py:842} WARNING - No viable dags retrieved from /opt/airflow/dags/streaming_monitor.py
[2026-03-22T13:43:05.551+0000] {processor.py:183} INFO - Processing /opt/airflow/dags/streaming_monitor.py took 0.063 seconds
[2026-03-22T13:43:36.028+0000] {processor.py:161} INFO - Started process (PID=208) to work on /opt/airflow/dags/streaming_monitor.py
[2026-03-22T13:43:36.032+0000] {processor.py:830} INFO - Processing file /opt/airflow/dags/streaming_monitor.py for tasks to queue
[2026-03-22T13:43:36.033+0000] {logging_mixin.py:188} INFO - [2026-03-22T13:43:36.032+0000] {dagbag.py:545} INFO - Filling up the DagBag from /opt/airflow/dags/streaming_monitor.py
[2026-03-22T13:43:36.042+0000] {logging_mixin.py:188} INFO - [2026-03-22T13:43:36.039+0000] {dagbag.py:355} ERROR - Failed to import: /opt/airflow/dags/streaming_monitor.py
Traceback (most recent call last):
  File "/home/airflow/.local/lib/python3.12/site-packages/airflow/models/dagbag.py", line 351, in parse
    loader.exec_module(new_module)
  File "<frozen importlib._bootstrap_external>", line 995, in exec_module
  File "<frozen importlib._bootstrap>", line 488, in _call_with_frames_removed
  File "/opt/airflow/dags/streaming_monitor.py", line 19, in <module>
    import duckdb
ModuleNotFoundError: No module named 'duckdb'
[2026-03-22T13:43:36.042+0000] {processor.py:842} WARNING - No viable dags retrieved from /opt/airflow/dags/streaming_monitor.py
[2026-03-22T13:43:36.082+0000] {processor.py:183} INFO - Processing /opt/airflow/dags/streaming_monitor.py took 0.062 seconds
[2026-03-22T13:44:06.415+0000] {processor.py:161} INFO - Started process (PID=218) to work on /opt/airflow/dags/streaming_monitor.py
[2026-03-22T13:44:06.418+0000] {processor.py:830} INFO - Processing file /opt/airflow/dags/streaming_monitor.py for tasks to queue
[2026-03-22T13:44:06.419+0000] {logging_mixin.py:188} INFO - [2026-03-22T13:44:06.419+0000] {dagbag.py:545} INFO - Filling up the DagBag from /opt/airflow/dags/streaming_monitor.py
[2026-03-22T13:44:06.428+0000] {logging_mixin.py:188} INFO - [2026-03-22T13:44:06.426+0000] {dagbag.py:355} ERROR - Failed to import: /opt/airflow/dags/streaming_monitor.py
Traceback (most recent call last):
  File "/home/airflow/.local/lib/python3.12/site-packages/airflow/models/dagbag.py", line 351, in parse
    loader.exec_module(new_module)
  File "<frozen importlib._bootstrap_external>", line 995, in exec_module
  File "<frozen importlib._bootstrap>", line 488, in _call_with_frames_removed
  File "/opt/airflow/dags/streaming_monitor.py", line 19, in <module>
    import duckdb
ModuleNotFoundError: No module named 'duckdb'
[2026-03-22T13:44:06.429+0000] {processor.py:842} WARNING - No viable dags retrieved from /opt/airflow/dags/streaming_monitor.py
[2026-03-22T13:44:06.460+0000] {processor.py:183} INFO - Processing /opt/airflow/dags/streaming_monitor.py took 0.061 seconds
[2026-03-22T13:44:36.838+0000] {processor.py:161} INFO - Started process (PID=228) to work on /opt/airflow/dags/streaming_monitor.py
[2026-03-22T13:44:36.839+0000] {processor.py:830} INFO - Processing file /opt/airflow/dags/streaming_monitor.py for tasks to queue
[2026-03-22T13:44:36.840+0000] {logging_mixin.py:188} INFO - [2026-03-22T13:44:36.840+0000] {dagbag.py:545} INFO - Filling up the DagBag from /opt/airflow/dags/streaming_monitor.py
[2026-03-22T13:44:36.846+0000] {logging_mixin.py:188} INFO - [2026-03-22T13:44:36.845+0000] {dagbag.py:355} ERROR - Failed to import: /opt/airflow/dags/streaming_monitor.py
Traceback (most recent call last):
  File "/home/airflow/.local/lib/python3.12/site-packages/airflow/models/dagbag.py", line 351, in parse
    loader.exec_module(new_module)
  File "<frozen importlib._bootstrap_external>", line 995, in exec_module
  File "<frozen importlib._bootstrap>", line 488, in _call_with_frames_removed
  File "/opt/airflow/dags/streaming_monitor.py", line 19, in <module>
    import duckdb
ModuleNotFoundError: No module named 'duckdb'
[2026-03-22T13:44:36.847+0000] {processor.py:842} WARNING - No viable dags retrieved from /opt/airflow/dags/streaming_monitor.py
[2026-03-22T13:44:36.870+0000] {processor.py:183} INFO - Processing /opt/airflow/dags/streaming_monitor.py took 0.041 seconds
[2026-03-22T13:45:07.209+0000] {processor.py:161} INFO - Started process (PID=238) to work on /opt/airflow/dags/streaming_monitor.py
[2026-03-22T13:45:07.211+0000] {processor.py:830} INFO - Processing file /opt/airflow/dags/streaming_monitor.py for tasks to queue
[2026-03-22T13:45:07.212+0000] {logging_mixin.py:188} INFO - [2026-03-22T13:45:07.212+0000] {dagbag.py:545} INFO - Filling up the DagBag from /opt/airflow/dags/streaming_monitor.py
[2026-03-22T13:45:07.219+0000] {logging_mixin.py:188} INFO - [2026-03-22T13:45:07.217+0000] {dagbag.py:355} ERROR - Failed to import: /opt/airflow/dags/streaming_monitor.py
Traceback (most recent call last):
  File "/home/airflow/.local/lib/python3.12/site-packages/airflow/models/dagbag.py", line 351, in parse
    loader.exec_module(new_module)
  File "<frozen importlib._bootstrap_external>", line 995, in exec_module
  File "<frozen importlib._bootstrap>", line 488, in _call_with_frames_removed
  File "/opt/airflow/dags/streaming_monitor.py", line 19, in <module>
    import duckdb
ModuleNotFoundError: No module named 'duckdb'
[2026-03-22T13:45:07.220+0000] {processor.py:842} WARNING - No viable dags retrieved from /opt/airflow/dags/streaming_monitor.py
[2026-03-22T13:45:07.251+0000] {processor.py:183} INFO - Processing /opt/airflow/dags/streaming_monitor.py took 0.056 seconds
[2026-03-22T13:45:37.543+0000] {processor.py:161} INFO - Started process (PID=248) to work on /opt/airflow/dags/streaming_monitor.py
[2026-03-22T13:45:37.544+0000] {processor.py:830} INFO - Processing file /opt/airflow/dags/streaming_monitor.py for tasks to queue
[2026-03-22T13:45:37.545+0000] {logging_mixin.py:188} INFO - [2026-03-22T13:45:37.544+0000] {dagbag.py:545} INFO - Filling up the DagBag from /opt/airflow/dags/streaming_monitor.py
[2026-03-22T13:45:37.558+0000] {logging_mixin.py:188} INFO - [2026-03-22T13:45:37.556+0000] {dagbag.py:355} ERROR - Failed to import: /opt/airflow/dags/streaming_monitor.py
Traceback (most recent call last):
  File "/home/airflow/.local/lib/python3.12/site-packages/airflow/models/dagbag.py", line 351, in parse
    loader.exec_module(new_module)
  File "<frozen importlib._bootstrap_external>", line 995, in exec_module
  File "<frozen importlib._bootstrap>", line 488, in _call_with_frames_removed
  File "/opt/airflow/dags/streaming_monitor.py", line 19, in <module>
    import duckdb
ModuleNotFoundError: No module named 'duckdb'
[2026-03-22T13:45:37.558+0000] {processor.py:842} WARNING - No viable dags retrieved from /opt/airflow/dags/streaming_monitor.py
[2026-03-22T13:45:37.582+0000] {processor.py:183} INFO - Processing /opt/airflow/dags/streaming_monitor.py took 0.048 seconds
[2026-03-22T13:46:07.921+0000] {processor.py:161} INFO - Started process (PID=258) to work on /opt/airflow/dags/streaming_monitor.py
[2026-03-22T13:46:07.923+0000] {processor.py:830} INFO - Processing file /opt/airflow/dags/streaming_monitor.py for tasks to queue
[2026-03-22T13:46:07.924+0000] {logging_mixin.py:188} INFO - [2026-03-22T13:46:07.923+0000] {dagbag.py:545} INFO - Filling up the DagBag from /opt/airflow/dags/streaming_monitor.py
[2026-03-22T13:46:07.932+0000] {logging_mixin.py:188} INFO - [2026-03-22T13:46:07.930+0000] {dagbag.py:355} ERROR - Failed to import: /opt/airflow/dags/streaming_monitor.py
Traceback (most recent call last):
  File "/home/airflow/.local/lib/python3.12/site-packages/airflow/models/dagbag.py", line 351, in parse
    loader.exec_module(new_module)
  File "<frozen importlib._bootstrap_external>", line 995, in exec_module
  File "<frozen importlib._bootstrap>", line 488, in _call_with_frames_removed
  File "/opt/airflow/dags/streaming_monitor.py", line 19, in <module>
    import duckdb
ModuleNotFoundError: No module named 'duckdb'
[2026-03-22T13:46:07.933+0000] {processor.py:842} WARNING - No viable dags retrieved from /opt/airflow/dags/streaming_monitor.py
[2026-03-22T13:46:07.959+0000] {processor.py:183} INFO - Processing /opt/airflow/dags/streaming_monitor.py took 0.052 seconds
[2026-03-22T13:46:38.354+0000] {processor.py:161} INFO - Started process (PID=268) to work on /opt/airflow/dags/streaming_monitor.py
[2026-03-22T13:46:38.356+0000] {processor.py:830} INFO - Processing file /opt/airflow/dags/streaming_monitor.py for tasks to queue
[2026-03-22T13:46:38.357+0000] {logging_mixin.py:188} INFO - [2026-03-22T13:46:38.356+0000] {dagbag.py:545} INFO - Filling up the DagBag from /opt/airflow/dags/streaming_monitor.py
[2026-03-22T13:46:38.364+0000] {logging_mixin.py:188} INFO - [2026-03-22T13:46:38.362+0000] {dagbag.py:355} ERROR - Failed to import: /opt/airflow/dags/streaming_monitor.py
Traceback (most recent call last):
  File "/home/airflow/.local/lib/python3.12/site-packages/airflow/models/dagbag.py", line 351, in parse
    loader.exec_module(new_module)
  File "<frozen importlib._bootstrap_external>", line 995, in exec_module
  File "<frozen importlib._bootstrap>", line 488, in _call_with_frames_removed
  File "/opt/airflow/dags/streaming_monitor.py", line 19, in <module>
    import duckdb
ModuleNotFoundError: No module named 'duckdb'
[2026-03-22T13:46:38.364+0000] {processor.py:842} WARNING - No viable dags retrieved from /opt/airflow/dags/streaming_monitor.py
[2026-03-22T13:46:38.390+0000] {processor.py:183} INFO - Processing /opt/airflow/dags/streaming_monitor.py took 0.055 seconds
[2026-03-22T13:47:08.837+0000] {processor.py:161} INFO - Started process (PID=278) to work on /opt/airflow/dags/streaming_monitor.py
[2026-03-22T13:47:08.839+0000] {processor.py:830} INFO - Processing file /opt/airflow/dags/streaming_monitor.py for tasks to queue
[2026-03-22T13:47:08.840+0000] {logging_mixin.py:188} INFO - [2026-03-22T13:47:08.839+0000] {dagbag.py:545} INFO - Filling up the DagBag from /opt/airflow/dags/streaming_monitor.py
[2026-03-22T13:47:08.849+0000] {logging_mixin.py:188} INFO - [2026-03-22T13:47:08.848+0000] {dagbag.py:355} ERROR - Failed to import: /opt/airflow/dags/streaming_monitor.py
Traceback (most recent call last):
  File "/home/airflow/.local/lib/python3.12/site-packages/airflow/models/dagbag.py", line 351, in parse
    loader.exec_module(new_module)
  File "<frozen importlib._bootstrap_external>", line 995, in exec_module
  File "<frozen importlib._bootstrap>", line 488, in _call_with_frames_removed
  File "/opt/airflow/dags/streaming_monitor.py", line 19, in <module>
    import duckdb
ModuleNotFoundError: No module named 'duckdb'
[2026-03-22T13:47:08.850+0000] {processor.py:842} WARNING - No viable dags retrieved from /opt/airflow/dags/streaming_monitor.py
[2026-03-22T13:47:08.875+0000] {processor.py:183} INFO - Processing /opt/airflow/dags/streaming_monitor.py took 0.048 seconds
[2026-03-22T13:47:39.248+0000] {processor.py:161} INFO - Started process (PID=288) to work on /opt/airflow/dags/streaming_monitor.py
[2026-03-22T13:47:39.249+0000] {processor.py:830} INFO - Processing file /opt/airflow/dags/streaming_monitor.py for tasks to queue
[2026-03-22T13:47:39.251+0000] {logging_mixin.py:188} INFO - [2026-03-22T13:47:39.250+0000] {dagbag.py:545} INFO - Filling up the DagBag from /opt/airflow/dags/streaming_monitor.py
[2026-03-22T13:47:39.259+0000] {logging_mixin.py:188} INFO - [2026-03-22T13:47:39.257+0000] {dagbag.py:355} ERROR - Failed to import: /opt/airflow/dags/streaming_monitor.py
Traceback (most recent call last):
  File "/home/airflow/.local/lib/python3.12/site-packages/airflow/models/dagbag.py", line 351, in parse
    loader.exec_module(new_module)
  File "<frozen importlib._bootstrap_external>", line 995, in exec_module
  File "<frozen importlib._bootstrap>", line 488, in _call_with_frames_removed
  File "/opt/airflow/dags/streaming_monitor.py", line 19, in <module>
    import duckdb
ModuleNotFoundError: No module named 'duckdb'
[2026-03-22T13:47:39.260+0000] {processor.py:842} WARNING - No viable dags retrieved from /opt/airflow/dags/streaming_monitor.py
[2026-03-22T13:47:39.280+0000] {processor.py:183} INFO - Processing /opt/airflow/dags/streaming_monitor.py took 0.041 seconds
[2026-03-22T13:48:09.639+0000] {processor.py:161} INFO - Started process (PID=298) to work on /opt/airflow/dags/streaming_monitor.py
[2026-03-22T13:48:09.641+0000] {processor.py:830} INFO - Processing file /opt/airflow/dags/streaming_monitor.py for tasks to queue
[2026-03-22T13:48:09.642+0000] {logging_mixin.py:188} INFO - [2026-03-22T13:48:09.642+0000] {dagbag.py:545} INFO - Filling up the DagBag from /opt/airflow/dags/streaming_monitor.py
[2026-03-22T13:48:09.650+0000] {logging_mixin.py:188} INFO - [2026-03-22T13:48:09.648+0000] {dagbag.py:355} ERROR - Failed to import: /opt/airflow/dags/streaming_monitor.py
Traceback (most recent call last):
  File "/home/airflow/.local/lib/python3.12/site-packages/airflow/models/dagbag.py", line 351, in parse
    loader.exec_module(new_module)
  File "<frozen importlib._bootstrap_external>", line 995, in exec_module
  File "<frozen importlib._bootstrap>", line 488, in _call_with_frames_removed
  File "/opt/airflow/dags/streaming_monitor.py", line 19, in <module>
    import duckdb
ModuleNotFoundError: No module named 'duckdb'
[2026-03-22T13:48:09.651+0000] {processor.py:842} WARNING - No viable dags retrieved from /opt/airflow/dags/streaming_monitor.py
[2026-03-22T13:48:09.672+0000] {processor.py:183} INFO - Processing /opt/airflow/dags/streaming_monitor.py took 0.044 seconds
[2026-03-22T13:48:39.980+0000] {processor.py:161} INFO - Started process (PID=308) to work on /opt/airflow/dags/streaming_monitor.py
[2026-03-22T13:48:39.982+0000] {processor.py:830} INFO - Processing file /opt/airflow/dags/streaming_monitor.py for tasks to queue
[2026-03-22T13:48:39.983+0000] {logging_mixin.py:188} INFO - [2026-03-22T13:48:39.982+0000] {dagbag.py:545} INFO - Filling up the DagBag from /opt/airflow/dags/streaming_monitor.py
[2026-03-22T13:48:39.990+0000] {logging_mixin.py:188} INFO - [2026-03-22T13:48:39.988+0000] {dagbag.py:355} ERROR - Failed to import: /opt/airflow/dags/streaming_monitor.py
Traceback (most recent call last):
  File "/home/airflow/.local/lib/python3.12/site-packages/airflow/models/dagbag.py", line 351, in parse
    loader.exec_module(new_module)
  File "<frozen importlib._bootstrap_external>", line 995, in exec_module
  File "<frozen importlib._bootstrap>", line 488, in _call_with_frames_removed
  File "/opt/airflow/dags/streaming_monitor.py", line 19, in <module>
    import duckdb
ModuleNotFoundError: No module named 'duckdb'
[2026-03-22T13:48:39.991+0000] {processor.py:842} WARNING - No viable dags retrieved from /opt/airflow/dags/streaming_monitor.py
[2026-03-22T13:48:40.010+0000] {processor.py:183} INFO - Processing /opt/airflow/dags/streaming_monitor.py took 0.039 seconds
[2026-03-22T13:49:10.389+0000] {processor.py:161} INFO - Started process (PID=318) to work on /opt/airflow/dags/streaming_monitor.py
[2026-03-22T13:49:10.390+0000] {processor.py:830} INFO - Processing file /opt/airflow/dags/streaming_monitor.py for tasks to queue
[2026-03-22T13:49:10.391+0000] {logging_mixin.py:188} INFO - [2026-03-22T13:49:10.390+0000] {dagbag.py:545} INFO - Filling up the DagBag from /opt/airflow/dags/streaming_monitor.py
[2026-03-22T13:49:10.398+0000] {logging_mixin.py:188} INFO - [2026-03-22T13:49:10.396+0000] {dagbag.py:355} ERROR - Failed to import: /opt/airflow/dags/streaming_monitor.py
Traceback (most recent call last):
  File "/home/airflow/.local/lib/python3.12/site-packages/airflow/models/dagbag.py", line 351, in parse
    loader.exec_module(new_module)
  File "<frozen importlib._bootstrap_external>", line 995, in exec_module
  File "<frozen importlib._bootstrap>", line 488, in _call_with_frames_removed
  File "/opt/airflow/dags/streaming_monitor.py", line 19, in <module>
    import duckdb
ModuleNotFoundError: No module named 'duckdb'
[2026-03-22T13:49:10.399+0000] {processor.py:842} WARNING - No viable dags retrieved from /opt/airflow/dags/streaming_monitor.py
[2026-03-22T13:49:10.423+0000] {processor.py:183} INFO - Processing /opt/airflow/dags/streaming_monitor.py took 0.045 seconds
[2026-03-22T13:49:40.752+0000] {processor.py:161} INFO - Started process (PID=328) to work on /opt/airflow/dags/streaming_monitor.py
[2026-03-22T13:49:40.753+0000] {processor.py:830} INFO - Processing file /opt/airflow/dags/streaming_monitor.py for tasks to queue
[2026-03-22T13:49:40.754+0000] {logging_mixin.py:188} INFO - [2026-03-22T13:49:40.754+0000] {dagbag.py:545} INFO - Filling up the DagBag from /opt/airflow/dags/streaming_monitor.py
[2026-03-22T13:49:40.761+0000] {logging_mixin.py:188} INFO - [2026-03-22T13:49:40.759+0000] {dagbag.py:355} ERROR - Failed to import: /opt/airflow/dags/streaming_monitor.py
Traceback (most recent call last):
  File "/home/airflow/.local/lib/python3.12/site-packages/airflow/models/dagbag.py", line 351, in parse
    loader.exec_module(new_module)
  File "<frozen importlib._bootstrap_external>", line 995, in exec_module
  File "<frozen importlib._bootstrap>", line 488, in _call_with_frames_removed
  File "/opt/airflow/dags/streaming_monitor.py", line 19, in <module>
    import duckdb
ModuleNotFoundError: No module named 'duckdb'
[2026-03-22T13:49:40.762+0000] {processor.py:842} WARNING - No viable dags retrieved from /opt/airflow/dags/streaming_monitor.py
[2026-03-22T13:49:40.785+0000] {processor.py:183} INFO - Processing /opt/airflow/dags/streaming_monitor.py took 0.043 seconds
[2026-03-22T13:50:11.128+0000] {processor.py:161} INFO - Started process (PID=338) to work on /opt/airflow/dags/streaming_monitor.py
[2026-03-22T13:50:11.129+0000] {processor.py:830} INFO - Processing file /opt/airflow/dags/streaming_monitor.py for tasks to queue
[2026-03-22T13:50:11.130+0000] {logging_mixin.py:188} INFO - [2026-03-22T13:50:11.130+0000] {dagbag.py:545} INFO - Filling up the DagBag from /opt/airflow/dags/streaming_monitor.py
[2026-03-22T13:50:11.143+0000] {logging_mixin.py:188} INFO - [2026-03-22T13:50:11.141+0000] {dagbag.py:355} ERROR - Failed to import: /opt/airflow/dags/streaming_monitor.py
Traceback (most recent call last):
  File "/home/airflow/.local/lib/python3.12/site-packages/airflow/models/dagbag.py", line 351, in parse
    loader.exec_module(new_module)
  File "<frozen importlib._bootstrap_external>", line 995, in exec_module
  File "<frozen importlib._bootstrap>", line 488, in _call_with_frames_removed
  File "/opt/airflow/dags/streaming_monitor.py", line 19, in <module>
    import duckdb
ModuleNotFoundError: No module named 'duckdb'
[2026-03-22T13:50:11.143+0000] {processor.py:842} WARNING - No viable dags retrieved from /opt/airflow/dags/streaming_monitor.py
[2026-03-22T13:50:11.177+0000] {processor.py:183} INFO - Processing /opt/airflow/dags/streaming_monitor.py took 0.065 seconds
[2026-03-22T13:50:41.722+0000] {processor.py:161} INFO - Started process (PID=348) to work on /opt/airflow/dags/streaming_monitor.py
[2026-03-22T13:50:41.723+0000] {processor.py:830} INFO - Processing file /opt/airflow/dags/streaming_monitor.py for tasks to queue
[2026-03-22T13:50:41.725+0000] {logging_mixin.py:188} INFO - [2026-03-22T13:50:41.724+0000] {dagbag.py:545} INFO - Filling up the DagBag from /opt/airflow/dags/streaming_monitor.py
[2026-03-22T13:50:41.735+0000] {logging_mixin.py:188} INFO - [2026-03-22T13:50:41.733+0000] {dagbag.py:355} ERROR - Failed to import: /opt/airflow/dags/streaming_monitor.py
Traceback (most recent call last):
  File "/home/airflow/.local/lib/python3.12/site-packages/airflow/models/dagbag.py", line 351, in parse
    loader.exec_module(new_module)
  File "<frozen importlib._bootstrap_external>", line 995, in exec_module
  File "<frozen importlib._bootstrap>", line 488, in _call_with_frames_removed
  File "/opt/airflow/dags/streaming_monitor.py", line 19, in <module>
    import duckdb
ModuleNotFoundError: No module named 'duckdb'
[2026-03-22T13:50:41.736+0000] {processor.py:842} WARNING - No viable dags retrieved from /opt/airflow/dags/streaming_monitor.py
[2026-03-22T13:50:41.770+0000] {processor.py:183} INFO - Processing /opt/airflow/dags/streaming_monitor.py took 0.062 seconds
[2026-03-22T13:51:31.434+0000] {processor.py:161} INFO - Started process (PID=358) to work on /opt/airflow/dags/streaming_monitor.py
[2026-03-22T13:51:31.435+0000] {processor.py:830} INFO - Processing file /opt/airflow/dags/streaming_monitor.py for tasks to queue
[2026-03-22T13:51:31.436+0000] {logging_mixin.py:188} INFO - [2026-03-22T13:51:31.436+0000] {dagbag.py:545} INFO - Filling up the DagBag from /opt/airflow/dags/streaming_monitor.py
[2026-03-22T13:51:31.444+0000] {logging_mixin.py:188} INFO - [2026-03-22T13:51:31.441+0000] {dagbag.py:355} ERROR - Failed to import: /opt/airflow/dags/streaming_monitor.py
Traceback (most recent call last):
  File "/home/airflow/.local/lib/python3.12/site-packages/airflow/models/dagbag.py", line 351, in parse
    loader.exec_module(new_module)
  File "<frozen importlib._bootstrap_external>", line 995, in exec_module
  File "<frozen importlib._bootstrap>", line 488, in _call_with_frames_removed
  File "/opt/airflow/dags/streaming_monitor.py", line 19, in <module>
    import duckdb
ModuleNotFoundError: No module named 'duckdb'
[2026-03-22T13:51:31.444+0000] {processor.py:842} WARNING - No viable dags retrieved from /opt/airflow/dags/streaming_monitor.py
[2026-03-22T13:51:31.472+0000] {processor.py:183} INFO - Processing /opt/airflow/dags/streaming_monitor.py took 0.050 seconds
[2026-03-22T14:06:58.740+0000] {processor.py:161} INFO - Started process (PID=368) to work on /opt/airflow/dags/streaming_monitor.py
[2026-03-22T14:06:58.744+0000] {processor.py:830} INFO - Processing file /opt/airflow/dags/streaming_monitor.py for tasks to queue
[2026-03-22T14:06:58.750+0000] {logging_mixin.py:188} INFO - [2026-03-22T14:06:58.750+0000] {dagbag.py:545} INFO - Filling up the DagBag from /opt/airflow/dags/streaming_monitor.py
[2026-03-22T14:06:58.761+0000] {logging_mixin.py:188} INFO - [2026-03-22T14:06:58.759+0000] {dagbag.py:355} ERROR - Failed to import: /opt/airflow/dags/streaming_monitor.py
Traceback (most recent call last):
  File "/home/airflow/.local/lib/python3.12/site-packages/airflow/models/dagbag.py", line 351, in parse
    loader.exec_module(new_module)
  File "<frozen importlib._bootstrap_external>", line 995, in exec_module
  File "<frozen importlib._bootstrap>", line 488, in _call_with_frames_removed
  File "/opt/airflow/dags/streaming_monitor.py", line 19, in <module>
    import duckdb
ModuleNotFoundError: No module named 'duckdb'
[2026-03-22T14:06:58.763+0000] {processor.py:842} WARNING - No viable dags retrieved from /opt/airflow/dags/streaming_monitor.py
[2026-03-22T14:06:58.806+0000] {processor.py:183} INFO - Processing /opt/airflow/dags/streaming_monitor.py took 0.081 seconds
[2026-03-22T14:07:29.116+0000] {processor.py:161} INFO - Started process (PID=378) to work on /opt/airflow/dags/streaming_monitor.py
[2026-03-22T14:07:29.121+0000] {processor.py:830} INFO - Processing file /opt/airflow/dags/streaming_monitor.py for tasks to queue
[2026-03-22T14:07:29.123+0000] {logging_mixin.py:188} INFO - [2026-03-22T14:07:29.122+0000] {dagbag.py:545} INFO - Filling up the DagBag from /opt/airflow/dags/streaming_monitor.py
[2026-03-22T14:07:29.131+0000] {logging_mixin.py:188} INFO - [2026-03-22T14:07:29.130+0000] {dagbag.py:355} ERROR - Failed to import: /opt/airflow/dags/streaming_monitor.py
Traceback (most recent call last):
  File "/home/airflow/.local/lib/python3.12/site-packages/airflow/models/dagbag.py", line 351, in parse
    loader.exec_module(new_module)
  File "<frozen importlib._bootstrap_external>", line 995, in exec_module
  File "<frozen importlib._bootstrap>", line 488, in _call_with_frames_removed
  File "/opt/airflow/dags/streaming_monitor.py", line 19, in <module>
    import duckdb
ModuleNotFoundError: No module named 'duckdb'
[2026-03-22T14:07:29.132+0000] {processor.py:842} WARNING - No viable dags retrieved from /opt/airflow/dags/streaming_monitor.py
[2026-03-22T14:07:29.155+0000] {processor.py:183} INFO - Processing /opt/airflow/dags/streaming_monitor.py took 0.051 seconds
[2026-03-22T14:12:13.296+0000] {processor.py:161} INFO - Started process (PID=388) to work on /opt/airflow/dags/streaming_monitor.py
[2026-03-22T14:12:13.297+0000] {processor.py:830} INFO - Processing file /opt/airflow/dags/streaming_monitor.py for tasks to queue
[2026-03-22T14:12:13.297+0000] {logging_mixin.py:188} INFO - [2026-03-22T14:12:13.297+0000] {dagbag.py:545} INFO - Filling up the DagBag from /opt/airflow/dags/streaming_monitor.py
[2026-03-22T14:12:13.304+0000] {logging_mixin.py:188} INFO - [2026-03-22T14:12:13.302+0000] {dagbag.py:355} ERROR - Failed to import: /opt/airflow/dags/streaming_monitor.py
Traceback (most recent call last):
  File "/home/airflow/.local/lib/python3.12/site-packages/airflow/models/dagbag.py", line 351, in parse
    loader.exec_module(new_module)
  File "<frozen importlib._bootstrap_external>", line 995, in exec_module
  File "<frozen importlib._bootstrap>", line 488, in _call_with_frames_removed
  File "/opt/airflow/dags/streaming_monitor.py", line 19, in <module>
    import duckdb
ModuleNotFoundError: No module named 'duckdb'
[2026-03-22T14:12:13.304+0000] {processor.py:842} WARNING - No viable dags retrieved from /opt/airflow/dags/streaming_monitor.py
[2026-03-22T14:12:13.323+0000] {processor.py:183} INFO - Processing /opt/airflow/dags/streaming_monitor.py took 0.038 seconds
[2026-03-22T15:19:15.187+0000] {processor.py:161} INFO - Started process (PID=398) to work on /opt/airflow/dags/streaming_monitor.py
[2026-03-22T15:19:15.188+0000] {processor.py:830} INFO - Processing file /opt/airflow/dags/streaming_monitor.py for tasks to queue
[2026-03-22T15:19:15.189+0000] {logging_mixin.py:188} INFO - [2026-03-22T15:19:15.188+0000] {dagbag.py:545} INFO - Filling up the DagBag from /opt/airflow/dags/streaming_monitor.py
[2026-03-22T15:19:15.195+0000] {logging_mixin.py:188} INFO - [2026-03-22T15:19:15.194+0000] {dagbag.py:355} ERROR - Failed to import: /opt/airflow/dags/streaming_monitor.py
Traceback (most recent call last):
  File "/home/airflow/.local/lib/python3.12/site-packages/airflow/models/dagbag.py", line 351, in parse
    loader.exec_module(new_module)
  File "<frozen importlib._bootstrap_external>", line 995, in exec_module
  File "<frozen importlib._bootstrap>", line 488, in _call_with_frames_removed
  File "/opt/airflow/dags/streaming_monitor.py", line 19, in <module>
    import duckdb
ModuleNotFoundError: No module named 'duckdb'
[2026-03-22T15:19:15.195+0000] {processor.py:842} WARNING - No viable dags retrieved from /opt/airflow/dags/streaming_monitor.py
[2026-03-22T15:19:15.215+0000] {processor.py:183} INFO - Processing /opt/airflow/dags/streaming_monitor.py took 0.036 seconds
[2026-03-22T15:35:31.098+0000] {processor.py:161} INFO - Started process (PID=408) to work on /opt/airflow/dags/streaming_monitor.py
[2026-03-22T15:35:31.099+0000] {processor.py:830} INFO - Processing file /opt/airflow/dags/streaming_monitor.py for tasks to queue
[2026-03-22T15:35:31.100+0000] {logging_mixin.py:188} INFO - [2026-03-22T15:35:31.100+0000] {dagbag.py:545} INFO - Filling up the DagBag from /opt/airflow/dags/streaming_monitor.py
[2026-03-22T15:35:31.107+0000] {logging_mixin.py:188} INFO - [2026-03-22T15:35:31.105+0000] {dagbag.py:355} ERROR - Failed to import: /opt/airflow/dags/streaming_monitor.py
Traceback (most recent call last):
  File "/home/airflow/.local/lib/python3.12/site-packages/airflow/models/dagbag.py", line 351, in parse
    loader.exec_module(new_module)
  File "<frozen importlib._bootstrap_external>", line 995, in exec_module
  File "<frozen importlib._bootstrap>", line 488, in _call_with_frames_removed
  File "/opt/airflow/dags/streaming_monitor.py", line 19, in <module>
    import duckdb
ModuleNotFoundError: No module named 'duckdb'
[2026-03-22T15:35:31.108+0000] {processor.py:842} WARNING - No viable dags retrieved from /opt/airflow/dags/streaming_monitor.py
[2026-03-22T15:35:31.143+0000] {processor.py:183} INFO - Processing /opt/airflow/dags/streaming_monitor.py took 0.059 seconds
[2026-03-22T15:52:12.352+0000] {processor.py:161} INFO - Started process (PID=418) to work on /opt/airflow/dags/streaming_monitor.py
[2026-03-22T15:52:12.354+0000] {processor.py:830} INFO - Processing file /opt/airflow/dags/streaming_monitor.py for tasks to queue
[2026-03-22T15:52:12.355+0000] {logging_mixin.py:188} INFO - [2026-03-22T15:52:12.354+0000] {dagbag.py:545} INFO - Filling up the DagBag from /opt/airflow/dags/streaming_monitor.py
[2026-03-22T15:52:12.360+0000] {logging_mixin.py:188} INFO - [2026-03-22T15:52:12.359+0000] {dagbag.py:355} ERROR - Failed to import: /opt/airflow/dags/streaming_monitor.py
Traceback (most recent call last):
  File "/home/airflow/.local/lib/python3.12/site-packages/airflow/models/dagbag.py", line 351, in parse
    loader.exec_module(new_module)
  File "<frozen importlib._bootstrap_external>", line 995, in exec_module
  File "<frozen importlib._bootstrap>", line 488, in _call_with_frames_removed
  File "/opt/airflow/dags/streaming_monitor.py", line 19, in <module>
    import duckdb
ModuleNotFoundError: No module named 'duckdb'
[2026-03-22T15:52:12.361+0000] {processor.py:842} WARNING - No viable dags retrieved from /opt/airflow/dags/streaming_monitor.py
[2026-03-22T15:52:12.384+0000] {processor.py:183} INFO - Processing /opt/airflow/dags/streaming_monitor.py took 0.040 seconds
[2026-03-22T15:52:47.717+0000] {processor.py:161} INFO - Started process (PID=428) to work on /opt/airflow/dags/streaming_monitor.py
[2026-03-22T15:52:47.721+0000] {processor.py:830} INFO - Processing file /opt/airflow/dags/streaming_monitor.py for tasks to queue
[2026-03-22T15:52:47.722+0000] {logging_mixin.py:188} INFO - [2026-03-22T15:52:47.722+0000] {dagbag.py:545} INFO - Filling up the DagBag from /opt/airflow/dags/streaming_monitor.py
[2026-03-22T15:52:47.849+0000] {logging_mixin.py:188} INFO - [2026-03-22T15:52:47.846+0000] {dagbag.py:355} ERROR - Failed to import: /opt/airflow/dags/streaming_monitor.py
Traceback (most recent call last):
  File "/home/airflow/.local/lib/python3.12/site-packages/airflow/models/dagbag.py", line 351, in parse
    loader.exec_module(new_module)
  File "<frozen importlib._bootstrap_external>", line 995, in exec_module
  File "<frozen importlib._bootstrap>", line 488, in _call_with_frames_removed
  File "/opt/airflow/dags/streaming_monitor.py", line 19, in <module>
    import duckdb
ModuleNotFoundError: No module named 'duckdb'
[2026-03-22T15:52:47.849+0000] {processor.py:842} WARNING - No viable dags retrieved from /opt/airflow/dags/streaming_monitor.py
[2026-03-22T15:52:47.930+0000] {processor.py:183} INFO - Processing /opt/airflow/dags/streaming_monitor.py took 0.227 seconds
[2026-03-22T16:28:14.213+0000] {processor.py:161} INFO - Started process (PID=438) to work on /opt/airflow/dags/streaming_monitor.py
[2026-03-22T16:28:14.214+0000] {processor.py:830} INFO - Processing file /opt/airflow/dags/streaming_monitor.py for tasks to queue
[2026-03-22T16:28:14.215+0000] {logging_mixin.py:188} INFO - [2026-03-22T16:28:14.215+0000] {dagbag.py:545} INFO - Filling up the DagBag from /opt/airflow/dags/streaming_monitor.py
[2026-03-22T16:28:14.223+0000] {logging_mixin.py:188} INFO - [2026-03-22T16:28:14.220+0000] {dagbag.py:355} ERROR - Failed to import: /opt/airflow/dags/streaming_monitor.py
Traceback (most recent call last):
  File "/home/airflow/.local/lib/python3.12/site-packages/airflow/models/dagbag.py", line 351, in parse
    loader.exec_module(new_module)
  File "<frozen importlib._bootstrap_external>", line 995, in exec_module
  File "<frozen importlib._bootstrap>", line 488, in _call_with_frames_removed
  File "/opt/airflow/dags/streaming_monitor.py", line 19, in <module>
    import duckdb
ModuleNotFoundError: No module named 'duckdb'
[2026-03-22T16:28:14.223+0000] {processor.py:842} WARNING - No viable dags retrieved from /opt/airflow/dags/streaming_monitor.py
[2026-03-22T16:28:14.244+0000] {processor.py:183} INFO - Processing /opt/airflow/dags/streaming_monitor.py took 0.037 seconds
[2026-03-22T16:53:00.934+0000] {processor.py:161} INFO - Started process (PID=448) to work on /opt/airflow/dags/streaming_monitor.py
[2026-03-22T16:53:00.935+0000] {processor.py:830} INFO - Processing file /opt/airflow/dags/streaming_monitor.py for tasks to queue
[2026-03-22T16:53:00.936+0000] {logging_mixin.py:188} INFO - [2026-03-22T16:53:00.935+0000] {dagbag.py:545} INFO - Filling up the DagBag from /opt/airflow/dags/streaming_monitor.py
[2026-03-22T16:53:00.944+0000] {logging_mixin.py:188} INFO - [2026-03-22T16:53:00.942+0000] {dagbag.py:355} ERROR - Failed to import: /opt/airflow/dags/streaming_monitor.py
Traceback (most recent call last):
  File "/home/airflow/.local/lib/python3.12/site-packages/airflow/models/dagbag.py", line 351, in parse
    loader.exec_module(new_module)
  File "<frozen importlib._bootstrap_external>", line 995, in exec_module
  File "<frozen importlib._bootstrap>", line 488, in _call_with_frames_removed
  File "/opt/airflow/dags/streaming_monitor.py", line 19, in <module>
    import duckdb
ModuleNotFoundError: No module named 'duckdb'
[2026-03-22T16:53:00.945+0000] {processor.py:842} WARNING - No viable dags retrieved from /opt/airflow/dags/streaming_monitor.py
[2026-03-22T16:53:00.964+0000] {processor.py:183} INFO - Processing /opt/airflow/dags/streaming_monitor.py took 0.036 seconds
[2026-03-22T16:53:31.333+0000] {processor.py:161} INFO - Started process (PID=458) to work on /opt/airflow/dags/streaming_monitor.py
[2026-03-22T16:53:31.337+0000] {processor.py:830} INFO - Processing file /opt/airflow/dags/streaming_monitor.py for tasks to queue
[2026-03-22T16:53:31.339+0000] {logging_mixin.py:188} INFO - [2026-03-22T16:53:31.338+0000] {dagbag.py:545} INFO - Filling up the DagBag from /opt/airflow/dags/streaming_monitor.py
[2026-03-22T16:53:31.350+0000] {logging_mixin.py:188} INFO - [2026-03-22T16:53:31.348+0000] {dagbag.py:355} ERROR - Failed to import: /opt/airflow/dags/streaming_monitor.py
Traceback (most recent call last):
  File "/home/airflow/.local/lib/python3.12/site-packages/airflow/models/dagbag.py", line 351, in parse
    loader.exec_module(new_module)
  File "<frozen importlib._bootstrap_external>", line 995, in exec_module
  File "<frozen importlib._bootstrap>", line 488, in _call_with_frames_removed
  File "/opt/airflow/dags/streaming_monitor.py", line 19, in <module>
    import duckdb
ModuleNotFoundError: No module named 'duckdb'
[2026-03-22T16:53:31.350+0000] {processor.py:842} WARNING - No viable dags retrieved from /opt/airflow/dags/streaming_monitor.py
[2026-03-22T16:53:31.387+0000] {processor.py:183} INFO - Processing /opt/airflow/dags/streaming_monitor.py took 0.068 seconds
[2026-03-22T17:27:31.578+0000] {processor.py:161} INFO - Started process (PID=468) to work on /opt/airflow/dags/streaming_monitor.py
[2026-03-22T17:27:31.580+0000] {processor.py:830} INFO - Processing file /opt/airflow/dags/streaming_monitor.py for tasks to queue
[2026-03-22T17:27:31.581+0000] {logging_mixin.py:188} INFO - [2026-03-22T17:27:31.580+0000] {dagbag.py:545} INFO - Filling up the DagBag from /opt/airflow/dags/streaming_monitor.py
[2026-03-22T17:27:31.589+0000] {logging_mixin.py:188} INFO - [2026-03-22T17:27:31.587+0000] {dagbag.py:355} ERROR - Failed to import: /opt/airflow/dags/streaming_monitor.py
Traceback (most recent call last):
  File "/home/airflow/.local/lib/python3.12/site-packages/airflow/models/dagbag.py", line 351, in parse
    loader.exec_module(new_module)
  File "<frozen importlib._bootstrap_external>", line 995, in exec_module
  File "<frozen importlib._bootstrap>", line 488, in _call_with_frames_removed
  File "/opt/airflow/dags/streaming_monitor.py", line 19, in <module>
    import duckdb
ModuleNotFoundError: No module named 'duckdb'
[2026-03-22T17:27:31.589+0000] {processor.py:842} WARNING - No viable dags retrieved from /opt/airflow/dags/streaming_monitor.py
[2026-03-22T17:27:31.614+0000] {processor.py:183} INFO - Processing /opt/airflow/dags/streaming_monitor.py took 0.048 seconds
[2026-03-22T17:45:10.084+0000] {processor.py:161} INFO - Started process (PID=478) to work on /opt/airflow/dags/streaming_monitor.py
[2026-03-22T17:45:10.085+0000] {processor.py:830} INFO - Processing file /opt/airflow/dags/streaming_monitor.py for tasks to queue
[2026-03-22T17:45:10.086+0000] {logging_mixin.py:188} INFO - [2026-03-22T17:45:10.086+0000] {dagbag.py:545} INFO - Filling up the DagBag from /opt/airflow/dags/streaming_monitor.py
[2026-03-22T17:45:10.094+0000] {logging_mixin.py:188} INFO - [2026-03-22T17:45:10.093+0000] {dagbag.py:355} ERROR - Failed to import: /opt/airflow/dags/streaming_monitor.py
Traceback (most recent call last):
  File "/home/airflow/.local/lib/python3.12/site-packages/airflow/models/dagbag.py", line 351, in parse
    loader.exec_module(new_module)
  File "<frozen importlib._bootstrap_external>", line 995, in exec_module
  File "<frozen importlib._bootstrap>", line 488, in _call_with_frames_removed
  File "/opt/airflow/dags/streaming_monitor.py", line 19, in <module>
    import duckdb
ModuleNotFoundError: No module named 'duckdb'
[2026-03-22T17:45:10.095+0000] {processor.py:842} WARNING - No viable dags retrieved from /opt/airflow/dags/streaming_monitor.py
[2026-03-22T17:45:10.119+0000] {processor.py:183} INFO - Processing /opt/airflow/dags/streaming_monitor.py took 0.048 seconds
[2026-03-22T17:53:57.652+0000] {processor.py:161} INFO - Started process (PID=488) to work on /opt/airflow/dags/streaming_monitor.py
[2026-03-22T17:53:57.653+0000] {processor.py:830} INFO - Processing file /opt/airflow/dags/streaming_monitor.py for tasks to queue
[2026-03-22T17:53:57.655+0000] {logging_mixin.py:188} INFO - [2026-03-22T17:53:57.654+0000] {dagbag.py:545} INFO - Filling up the DagBag from /opt/airflow/dags/streaming_monitor.py
[2026-03-22T17:53:57.667+0000] {logging_mixin.py:188} INFO - [2026-03-22T17:53:57.660+0000] {dagbag.py:355} ERROR - Failed to import: /opt/airflow/dags/streaming_monitor.py
Traceback (most recent call last):
  File "/home/airflow/.local/lib/python3.12/site-packages/airflow/models/dagbag.py", line 351, in parse
    loader.exec_module(new_module)
  File "<frozen importlib._bootstrap_external>", line 995, in exec_module
  File "<frozen importlib._bootstrap>", line 488, in _call_with_frames_removed
  File "/opt/airflow/dags/streaming_monitor.py", line 19, in <module>
    import duckdb
ModuleNotFoundError: No module named 'duckdb'
[2026-03-22T17:53:57.668+0000] {processor.py:842} WARNING - No viable dags retrieved from /opt/airflow/dags/streaming_monitor.py
[2026-03-22T17:53:57.701+0000] {processor.py:183} INFO - Processing /opt/airflow/dags/streaming_monitor.py took 0.068 seconds
[2026-03-22T17:54:28.098+0000] {processor.py:161} INFO - Started process (PID=498) to work on /opt/airflow/dags/streaming_monitor.py
[2026-03-22T17:54:28.100+0000] {processor.py:830} INFO - Processing file /opt/airflow/dags/streaming_monitor.py for tasks to queue
[2026-03-22T17:54:28.102+0000] {logging_mixin.py:188} INFO - [2026-03-22T17:54:28.101+0000] {dagbag.py:545} INFO - Filling up the DagBag from /opt/airflow/dags/streaming_monitor.py
[2026-03-22T17:54:28.113+0000] {logging_mixin.py:188} INFO - [2026-03-22T17:54:28.110+0000] {dagbag.py:355} ERROR - Failed to import: /opt/airflow/dags/streaming_monitor.py
Traceback (most recent call last):
  File "/home/airflow/.local/lib/python3.12/site-packages/airflow/models/dagbag.py", line 351, in parse
    loader.exec_module(new_module)
  File "<frozen importlib._bootstrap_external>", line 995, in exec_module
  File "<frozen importlib._bootstrap>", line 488, in _call_with_frames_removed
  File "/opt/airflow/dags/streaming_monitor.py", line 19, in <module>
    import duckdb
ModuleNotFoundError: No module named 'duckdb'
[2026-03-22T17:54:28.116+0000] {processor.py:842} WARNING - No viable dags retrieved from /opt/airflow/dags/streaming_monitor.py
[2026-03-22T17:54:28.156+0000] {processor.py:183} INFO - Processing /opt/airflow/dags/streaming_monitor.py took 0.077 seconds
[2026-03-22T17:54:58.527+0000] {processor.py:161} INFO - Started process (PID=508) to work on /opt/airflow/dags/streaming_monitor.py
[2026-03-22T17:54:58.528+0000] {processor.py:830} INFO - Processing file /opt/airflow/dags/streaming_monitor.py for tasks to queue
[2026-03-22T17:54:58.529+0000] {logging_mixin.py:188} INFO - [2026-03-22T17:54:58.529+0000] {dagbag.py:545} INFO - Filling up the DagBag from /opt/airflow/dags/streaming_monitor.py
[2026-03-22T17:54:58.541+0000] {logging_mixin.py:188} INFO - [2026-03-22T17:54:58.539+0000] {dagbag.py:355} ERROR - Failed to import: /opt/airflow/dags/streaming_monitor.py
Traceback (most recent call last):
  File "/home/airflow/.local/lib/python3.12/site-packages/airflow/models/dagbag.py", line 351, in parse
    loader.exec_module(new_module)
  File "<frozen importlib._bootstrap_external>", line 995, in exec_module
  File "<frozen importlib._bootstrap>", line 488, in _call_with_frames_removed
  File "/opt/airflow/dags/streaming_monitor.py", line 19, in <module>
    import duckdb
ModuleNotFoundError: No module named 'duckdb'
[2026-03-22T17:54:58.542+0000] {processor.py:842} WARNING - No viable dags retrieved from /opt/airflow/dags/streaming_monitor.py
[2026-03-22T17:54:58.573+0000] {processor.py:183} INFO - Processing /opt/airflow/dags/streaming_monitor.py took 0.063 seconds
[2026-03-22T17:55:28.897+0000] {processor.py:161} INFO - Started process (PID=518) to work on /opt/airflow/dags/streaming_monitor.py
[2026-03-22T17:55:28.899+0000] {processor.py:830} INFO - Processing file /opt/airflow/dags/streaming_monitor.py for tasks to queue
[2026-03-22T17:55:28.901+0000] {logging_mixin.py:188} INFO - [2026-03-22T17:55:28.901+0000] {dagbag.py:545} INFO - Filling up the DagBag from /opt/airflow/dags/streaming_monitor.py
[2026-03-22T17:55:28.907+0000] {logging_mixin.py:188} INFO - [2026-03-22T17:55:28.907+0000] {dagbag.py:355} ERROR - Failed to import: /opt/airflow/dags/streaming_monitor.py
Traceback (most recent call last):
  File "/home/airflow/.local/lib/python3.12/site-packages/airflow/models/dagbag.py", line 351, in parse
    loader.exec_module(new_module)
  File "<frozen importlib._bootstrap_external>", line 995, in exec_module
  File "<frozen importlib._bootstrap>", line 488, in _call_with_frames_removed
  File "/opt/airflow/dags/streaming_monitor.py", line 19, in <module>
    import duckdb
ModuleNotFoundError: No module named 'duckdb'
[2026-03-22T17:55:28.908+0000] {processor.py:842} WARNING - No viable dags retrieved from /opt/airflow/dags/streaming_monitor.py
[2026-03-22T17:55:28.937+0000] {processor.py:183} INFO - Processing /opt/airflow/dags/streaming_monitor.py took 0.047 seconds
