[0m13:00:11.313840 [debug] [MainThread]: Sending event: {'category': 'dbt', 'action': 'invocation', 'label': 'start', 'context': [<snowplow_tracker.self_describing_json.SelfDescribingJson object at 0x10b4e0410>, <snowplow_tracker.self_describing_json.SelfDescribingJson object at 0x10af36090>, <snowplow_tracker.self_describing_json.SelfDescribingJson object at 0x10b543fd0>]}


============================== 13:00:11.317573 | bbf68922-f7cd-493d-813d-80cd865d3c83 ==============================
[0m13:00:11.317573 [info ] [MainThread]: Running with dbt=1.8.0
[0m13:00:11.317895 [debug] [MainThread]: running dbt with arguments {'printer_width': '80', 'indirect_selection': 'eager', 'log_cache_events': 'False', 'write_json': 'True', 'partial_parse': 'True', 'cache_selected_only': 'False', 'profiles_dir': '.', 'debug': 'False', 'warn_error': 'None', 'log_path': 'logs', 'version_check': 'True', 'fail_fast': 'False', 'use_colors': 'True', 'use_experimental_parser': 'False', 'no_print': 'None', 'quiet': 'False', 'warn_error_options': 'WarnErrorOptions(include=[], exclude=[])', 'introspect': 'True', 'invocation_command': 'dbt build --profiles-dir .', 'static_parser': 'True', 'target_path': 'None', 'log_format': 'default', 'send_anonymous_usage_stats': 'True'}
[0m13:00:11.318223 [error] [MainThread]: Encountered an error:
Runtime Error
  No dbt_project.yml found at expected path /Users/tanvir/Desktop/ML_Project/fintech_platform/dbt_project.yml
  Verify that each entry within packages.yml (and their transitive dependencies) contains a file named dbt_project.yml
  
[0m13:00:11.320206 [debug] [MainThread]: Resource report: {"command_name": "build", "command_wall_clock_time": 0.04422075, "process_user_time": 0.711131, "process_kernel_time": 0.148477, "process_mem_max_rss": "105218048", "command_success": false, "process_in_blocks": "0", "process_out_blocks": "0"}
[0m13:00:11.320493 [debug] [MainThread]: Command `dbt build` failed at 13:00:11.320438 after 0.04 seconds
[0m13:00:11.320704 [debug] [MainThread]: Sending event: {'category': 'dbt', 'action': 'invocation', 'label': 'end', 'context': [<snowplow_tracker.self_describing_json.SelfDescribingJson object at 0x10b4e2190>, <snowplow_tracker.self_describing_json.SelfDescribingJson object at 0x10b4df8d0>, <snowplow_tracker.self_describing_json.SelfDescribingJson object at 0x10b4dfb90>]}
[0m13:00:11.320884 [debug] [MainThread]: Flushing usage events
[0m13:03:36.688977 [debug] [MainThread]: Sending event: {'category': 'dbt', 'action': 'invocation', 'label': 'start', 'context': [<snowplow_tracker.self_describing_json.SelfDescribingJson object at 0x10bf28150>, <snowplow_tracker.self_describing_json.SelfDescribingJson object at 0x10bf138d0>, <snowplow_tracker.self_describing_json.SelfDescribingJson object at 0x10bf43e50>]}


============================== 13:03:36.691988 | a387cf8d-de87-4f8d-b0c3-51302a0b9662 ==============================
[0m13:03:36.691988 [info ] [MainThread]: Running with dbt=1.8.0
[0m13:03:36.692307 [debug] [MainThread]: running dbt with arguments {'printer_width': '80', 'indirect_selection': 'eager', 'write_json': 'True', 'log_cache_events': 'False', 'partial_parse': 'True', 'cache_selected_only': 'False', 'profiles_dir': '.', 'debug': 'False', 'version_check': 'True', 'log_path': 'logs', 'fail_fast': 'False', 'warn_error': 'None', 'use_colors': 'True', 'use_experimental_parser': 'False', 'no_print': 'None', 'quiet': 'False', 'warn_error_options': 'WarnErrorOptions(include=[], exclude=[])', 'invocation_command': 'dbt build --profiles-dir .', 'static_parser': 'True', 'introspect': 'True', 'target_path': 'None', 'log_format': 'default', 'send_anonymous_usage_stats': 'True'}
[0m13:03:36.692606 [error] [MainThread]: Encountered an error:
Runtime Error
  No dbt_project.yml found at expected path /Users/tanvir/Desktop/ML_Project/fintech_platform/dbt_project.yml
  Verify that each entry within packages.yml (and their transitive dependencies) contains a file named dbt_project.yml
  
[0m13:03:36.694613 [debug] [MainThread]: Resource report: {"command_name": "build", "command_wall_clock_time": 0.03916796, "process_user_time": 0.588738, "process_kernel_time": 0.129529, "process_mem_max_rss": "104939520", "command_success": false, "process_in_blocks": "0", "process_out_blocks": "0"}
[0m13:03:36.694934 [debug] [MainThread]: Command `dbt build` failed at 13:03:36.694880 after 0.04 seconds
[0m13:03:36.695153 [debug] [MainThread]: Sending event: {'category': 'dbt', 'action': 'invocation', 'label': 'end', 'context': [<snowplow_tracker.self_describing_json.SelfDescribingJson object at 0x1042a9fd0>, <snowplow_tracker.self_describing_json.SelfDescribingJson object at 0x10bee2a90>, <snowplow_tracker.self_describing_json.SelfDescribingJson object at 0x10bee0490>]}
[0m13:03:36.695336 [debug] [MainThread]: Flushing usage events
